nohup: ignoring input
INFO:     Will watch for changes in these directories: ['/home/mishrashardendu22/Coding_Stuff_Fedora/Dev/Employee/Employee-Leave-Management']
INFO:     Uvicorn running on http://0.0.0.0:8000 (Press CTRL+C to quit)
INFO:     Started reloader process [91507] using WatchFiles
INFO:     Started server process [91511]
INFO:     Waiting for application startup.
Allowed CORS origins: ['http://localhost:3000', 'http://localhost:3001', 'http://127.0.0.1:3000', 'http://127.0.0.1:3001', 'http://localhost:3000', 'http://localhost:3001', 'https://leave-management-vanshiki.vercel.app']
Initializing database...
2025-12-13 01:28:48,341 INFO sqlalchemy.engine.Engine select pg_catalog.version()
2025-12-13 01:28:48,341 INFO sqlalchemy.engine.Engine [raw sql] {}
2025-12-13 01:28:48,853 INFO sqlalchemy.engine.Engine select current_schema()
2025-12-13 01:28:48,853 INFO sqlalchemy.engine.Engine [raw sql] {}
2025-12-13 01:28:49,466 INFO sqlalchemy.engine.Engine show standard_conforming_strings
2025-12-13 01:28:49,466 INFO sqlalchemy.engine.Engine [raw sql] {}
2025-12-13 01:28:49,935 INFO sqlalchemy.engine.Engine BEGIN (implicit)
2025-12-13 01:28:49,949 INFO sqlalchemy.engine.Engine SELECT pg_catalog.pg_class.relname 
FROM pg_catalog.pg_class JOIN pg_catalog.pg_namespace ON pg_catalog.pg_namespace.oid = pg_catalog.pg_class.relnamespace 
WHERE pg_catalog.pg_class.relname = %(table_name)s AND pg_catalog.pg_class.relkind = ANY (ARRAY[%(param_1)s, %(param_2)s, %(param_3)s, %(param_4)s, %(param_5)s]) AND pg_catalog.pg_table_is_visible(pg_catalog.pg_class.oid) AND pg_catalog.pg_namespace.nspname != %(nspname_1)s
2025-12-13 01:28:49,949 INFO sqlalchemy.engine.Engine [generated in 0.00087s] {'table_name': 'admins', 'param_1': 'r', 'param_2': 'p', 'param_3': 'f', 'param_4': 'v', 'param_5': 'm', 'nspname_1': 'pg_catalog'}
2025-12-13 01:28:50,404 INFO sqlalchemy.engine.Engine SELECT pg_catalog.pg_class.relname 
FROM pg_catalog.pg_class JOIN pg_catalog.pg_namespace ON pg_catalog.pg_namespace.oid = pg_catalog.pg_class.relnamespace 
WHERE pg_catalog.pg_class.relname = %(table_name)s AND pg_catalog.pg_class.relkind = ANY (ARRAY[%(param_1)s, %(param_2)s, %(param_3)s, %(param_4)s, %(param_5)s]) AND pg_catalog.pg_table_is_visible(pg_catalog.pg_class.oid) AND pg_catalog.pg_namespace.nspname != %(nspname_1)s
2025-12-13 01:28:50,404 INFO sqlalchemy.engine.Engine [cached since 0.456s ago] {'table_name': 'employees', 'param_1': 'r', 'param_2': 'p', 'param_3': 'f', 'param_4': 'v', 'param_5': 'm', 'nspname_1': 'pg_catalog'}
2025-12-13 01:28:50,632 INFO sqlalchemy.engine.Engine SELECT pg_catalog.pg_class.relname 
FROM pg_catalog.pg_class JOIN pg_catalog.pg_namespace ON pg_catalog.pg_namespace.oid = pg_catalog.pg_class.relnamespace 
WHERE pg_catalog.pg_class.relname = %(table_name)s AND pg_catalog.pg_class.relkind = ANY (ARRAY[%(param_1)s, %(param_2)s, %(param_3)s, %(param_4)s, %(param_5)s]) AND pg_catalog.pg_table_is_visible(pg_catalog.pg_class.oid) AND pg_catalog.pg_namespace.nspname != %(nspname_1)s
2025-12-13 01:28:50,632 INFO sqlalchemy.engine.Engine [cached since 0.6839s ago] {'table_name': 'managers', 'param_1': 'r', 'param_2': 'p', 'param_3': 'f', 'param_4': 'v', 'param_5': 'm', 'nspname_1': 'pg_catalog'}
2025-12-13 01:28:50,869 INFO sqlalchemy.engine.Engine SELECT pg_catalog.pg_class.relname 
FROM pg_catalog.pg_class JOIN pg_catalog.pg_namespace ON pg_catalog.pg_namespace.oid = pg_catalog.pg_class.relnamespace 
WHERE pg_catalog.pg_class.relname = %(table_name)s AND pg_catalog.pg_class.relkind = ANY (ARRAY[%(param_1)s, %(param_2)s, %(param_3)s, %(param_4)s, %(param_5)s]) AND pg_catalog.pg_table_is_visible(pg_catalog.pg_class.oid) AND pg_catalog.pg_namespace.nspname != %(nspname_1)s
2025-12-13 01:28:50,870 INFO sqlalchemy.engine.Engine [cached since 0.9214s ago] {'table_name': 'leave_types', 'param_1': 'r', 'param_2': 'p', 'param_3': 'f', 'param_4': 'v', 'param_5': 'm', 'nspname_1': 'pg_catalog'}
2025-12-13 01:28:51,102 INFO sqlalchemy.engine.Engine SELECT pg_catalog.pg_class.relname 
FROM pg_catalog.pg_class JOIN pg_catalog.pg_namespace ON pg_catalog.pg_namespace.oid = pg_catalog.pg_class.relnamespace 
WHERE pg_catalog.pg_class.relname = %(table_name)s AND pg_catalog.pg_class.relkind = ANY (ARRAY[%(param_1)s, %(param_2)s, %(param_3)s, %(param_4)s, %(param_5)s]) AND pg_catalog.pg_table_is_visible(pg_catalog.pg_class.oid) AND pg_catalog.pg_namespace.nspname != %(nspname_1)s
2025-12-13 01:28:51,102 INFO sqlalchemy.engine.Engine [cached since 1.154s ago] {'table_name': 'leaves', 'param_1': 'r', 'param_2': 'p', 'param_3': 'f', 'param_4': 'v', 'param_5': 'm', 'nspname_1': 'pg_catalog'}
2025-12-13 01:28:51,338 INFO sqlalchemy.engine.Engine SELECT pg_catalog.pg_class.relname 
FROM pg_catalog.pg_class JOIN pg_catalog.pg_namespace ON pg_catalog.pg_namespace.oid = pg_catalog.pg_class.relnamespace 
WHERE pg_catalog.pg_class.relname = %(table_name)s AND pg_catalog.pg_class.relkind = ANY (ARRAY[%(param_1)s, %(param_2)s, %(param_3)s, %(param_4)s, %(param_5)s]) AND pg_catalog.pg_table_is_visible(pg_catalog.pg_class.oid) AND pg_catalog.pg_namespace.nspname != %(nspname_1)s
2025-12-13 01:28:51,338 INFO sqlalchemy.engine.Engine [cached since 1.389s ago] {'table_name': 'approvals', 'param_1': 'r', 'param_2': 'p', 'param_3': 'f', 'param_4': 'v', 'param_5': 'm', 'nspname_1': 'pg_catalog'}
2025-12-13 01:28:51,613 INFO sqlalchemy.engine.Engine SELECT pg_catalog.pg_class.relname 
FROM pg_catalog.pg_class JOIN pg_catalog.pg_namespace ON pg_catalog.pg_namespace.oid = pg_catalog.pg_class.relnamespace 
WHERE pg_catalog.pg_class.relname = %(table_name)s AND pg_catalog.pg_class.relkind = ANY (ARRAY[%(param_1)s, %(param_2)s, %(param_3)s, %(param_4)s, %(param_5)s]) AND pg_catalog.pg_table_is_visible(pg_catalog.pg_class.oid) AND pg_catalog.pg_namespace.nspname != %(nspname_1)s
2025-12-13 01:28:51,613 INFO sqlalchemy.engine.Engine [cached since 1.665s ago] {'table_name': 'leave_balance', 'param_1': 'r', 'param_2': 'p', 'param_3': 'f', 'param_4': 'v', 'param_5': 'm', 'nspname_1': 'pg_catalog'}
2025-12-13 01:28:51,841 INFO sqlalchemy.engine.Engine SELECT pg_catalog.pg_class.relname 
FROM pg_catalog.pg_class JOIN pg_catalog.pg_namespace ON pg_catalog.pg_namespace.oid = pg_catalog.pg_class.relnamespace 
WHERE pg_catalog.pg_class.relname = %(table_name)s AND pg_catalog.pg_class.relkind = ANY (ARRAY[%(param_1)s, %(param_2)s, %(param_3)s, %(param_4)s, %(param_5)s]) AND pg_catalog.pg_table_is_visible(pg_catalog.pg_class.oid) AND pg_catalog.pg_namespace.nspname != %(nspname_1)s
2025-12-13 01:28:51,841 INFO sqlalchemy.engine.Engine [cached since 1.893s ago] {'table_name': 'audit_logs', 'param_1': 'r', 'param_2': 'p', 'param_3': 'f', 'param_4': 'v', 'param_5': 'm', 'nspname_1': 'pg_catalog'}
2025-12-13 01:28:52,068 INFO sqlalchemy.engine.Engine COMMIT
INFO:     Application startup complete.
Database tables created successfully!
Database initialized successfully!
2025-12-13 01:29:02,947 INFO sqlalchemy.engine.Engine BEGIN (implicit)
2025-12-13 01:29:02,949 INFO sqlalchemy.engine.Engine SELECT employees.id AS employees_id, employees.name AS employees_name, employees.email AS employees_email, employees.password_hash AS employees_password_hash, employees.created_at AS employees_created_at, employees.updated_at AS employees_updated_at 
FROM employees 
 LIMIT %(param_1)s OFFSET %(param_2)s
2025-12-13 01:29:02,950 INFO sqlalchemy.engine.Engine [generated in 0.00024s] {'param_1': 100, 'param_2': 0}
INFO:     127.0.0.1:54480 - "GET /employees/ HTTP/1.1" 200 OK
2025-12-13 01:29:03,793 INFO sqlalchemy.engine.Engine ROLLBACK
2025-12-13 01:31:24,982 INFO sqlalchemy.engine.Engine BEGIN (implicit)
2025-12-13 01:31:24,985 INFO sqlalchemy.engine.Engine SELECT managers.id AS managers_id, managers.name AS managers_name, managers.email AS managers_email, managers.password_hash AS managers_password_hash, managers.created_at AS managers_created_at 
FROM managers 
 LIMIT %(param_1)s OFFSET %(param_2)s
2025-12-13 01:31:24,985 INFO sqlalchemy.engine.Engine [generated in 0.00049s] {'param_1': 100, 'param_2': 0}
INFO:     127.0.0.1:46634 - "GET /managers/ HTTP/1.1" 200 OK
2025-12-13 01:31:25,949 INFO sqlalchemy.engine.Engine ROLLBACK
2025-12-13 01:31:57,044 INFO sqlalchemy.engine.Engine BEGIN (implicit)
2025-12-13 01:31:57,045 INFO sqlalchemy.engine.Engine SELECT leave_types.id AS leave_types_id, leave_types.name AS leave_types_name 
FROM leave_types
2025-12-13 01:31:57,045 INFO sqlalchemy.engine.Engine [generated in 0.00025s] {}
INFO:     127.0.0.1:35014 - "GET /leave-types/ HTTP/1.1" 200 OK
2025-12-13 01:31:57,691 INFO sqlalchemy.engine.Engine ROLLBACK
2025-12-13 01:32:59,952 INFO sqlalchemy.engine.Engine BEGIN (implicit)
2025-12-13 01:32:59,954 INFO sqlalchemy.engine.Engine SELECT leave_balance.id AS leave_balance_id, leave_balance.employee_id AS leave_balance_employee_id, leave_balance.type_id AS leave_balance_type_id, leave_balance.total_allocated AS leave_balance_total_allocated, leave_balance.total_used AS leave_balance_total_used, leave_balance.remaining AS leave_balance_remaining 
FROM leave_balance 
WHERE leave_balance.employee_id = %(employee_id_1)s
2025-12-13 01:32:59,954 INFO sqlalchemy.engine.Engine [generated in 0.00027s] {'employee_id_1': 3}
INFO:     127.0.0.1:55934 - "GET /leave-balances/employee/3 HTTP/1.1" 200 OK
2025-12-13 01:33:00,566 INFO sqlalchemy.engine.Engine ROLLBACK
2025-12-13 01:34:03,374 INFO sqlalchemy.engine.Engine BEGIN (implicit)
2025-12-13 01:34:03,378 INFO sqlalchemy.engine.Engine SELECT leaves.id AS leaves_id, leaves.employee_id AS leaves_employee_id, leaves.type_id AS leaves_type_id, leaves.start_time AS leaves_start_time, leaves.end_time AS leaves_end_time, leaves.reason AS leaves_reason, leaves.status AS leaves_status, leaves.created_at AS leaves_created_at 
FROM leaves 
WHERE leaves.status = %(status_1)s 
 LIMIT %(param_1)s OFFSET %(param_2)s
2025-12-13 01:34:03,379 INFO sqlalchemy.engine.Engine [generated in 0.00048s] {'status_1': 'pending', 'param_1': 100, 'param_2': 0}
INFO:     127.0.0.1:39784 - "GET /leaves/pending HTTP/1.1" 200 OK
2025-12-13 01:34:04,378 INFO sqlalchemy.engine.Engine ROLLBACK
WARNING:  WatchFiles detected changes in 'seed_data.py'. Reloading...
INFO:     Shutting down
INFO:     Waiting for application shutdown.
INFO:     Application shutdown complete.
INFO:     Finished server process [91511]
INFO:     Started server process [118835]
INFO:     Waiting for application startup.
Allowed CORS origins: ['http://localhost:3000', 'http://localhost:3001', 'http://127.0.0.1:3000', 'http://127.0.0.1:3001', 'http://localhost:3000', 'http://localhost:3001', 'https://leave-management-vanshiki.vercel.app']
Initializing database...
2025-12-13 03:16:36,276 INFO sqlalchemy.engine.Engine select pg_catalog.version()
2025-12-13 03:16:36,276 INFO sqlalchemy.engine.Engine [raw sql] {}
2025-12-13 03:16:36,789 INFO sqlalchemy.engine.Engine select current_schema()
2025-12-13 03:16:36,789 INFO sqlalchemy.engine.Engine [raw sql] {}
2025-12-13 03:16:37,231 INFO sqlalchemy.engine.Engine show standard_conforming_strings
2025-12-13 03:16:37,231 INFO sqlalchemy.engine.Engine [raw sql] {}
2025-12-13 03:16:37,670 INFO sqlalchemy.engine.Engine BEGIN (implicit)
2025-12-13 03:16:37,678 INFO sqlalchemy.engine.Engine SELECT pg_catalog.pg_class.relname 
FROM pg_catalog.pg_class JOIN pg_catalog.pg_namespace ON pg_catalog.pg_namespace.oid = pg_catalog.pg_class.relnamespace 
WHERE pg_catalog.pg_class.relname = %(table_name)s AND pg_catalog.pg_class.relkind = ANY (ARRAY[%(param_1)s, %(param_2)s, %(param_3)s, %(param_4)s, %(param_5)s]) AND pg_catalog.pg_table_is_visible(pg_catalog.pg_class.oid) AND pg_catalog.pg_namespace.nspname != %(nspname_1)s
2025-12-13 03:16:37,678 INFO sqlalchemy.engine.Engine [generated in 0.00033s] {'table_name': 'admins', 'param_1': 'r', 'param_2': 'p', 'param_3': 'f', 'param_4': 'v', 'param_5': 'm', 'nspname_1': 'pg_catalog'}
2025-12-13 03:16:38,124 INFO sqlalchemy.engine.Engine SELECT pg_catalog.pg_class.relname 
FROM pg_catalog.pg_class JOIN pg_catalog.pg_namespace ON pg_catalog.pg_namespace.oid = pg_catalog.pg_class.relnamespace 
WHERE pg_catalog.pg_class.relname = %(table_name)s AND pg_catalog.pg_class.relkind = ANY (ARRAY[%(param_1)s, %(param_2)s, %(param_3)s, %(param_4)s, %(param_5)s]) AND pg_catalog.pg_table_is_visible(pg_catalog.pg_class.oid) AND pg_catalog.pg_namespace.nspname != %(nspname_1)s
2025-12-13 03:16:38,124 INFO sqlalchemy.engine.Engine [cached since 0.446s ago] {'table_name': 'employees', 'param_1': 'r', 'param_2': 'p', 'param_3': 'f', 'param_4': 'v', 'param_5': 'm', 'nspname_1': 'pg_catalog'}
2025-12-13 03:16:38,344 INFO sqlalchemy.engine.Engine SELECT pg_catalog.pg_class.relname 
FROM pg_catalog.pg_class JOIN pg_catalog.pg_namespace ON pg_catalog.pg_namespace.oid = pg_catalog.pg_class.relnamespace 
WHERE pg_catalog.pg_class.relname = %(table_name)s AND pg_catalog.pg_class.relkind = ANY (ARRAY[%(param_1)s, %(param_2)s, %(param_3)s, %(param_4)s, %(param_5)s]) AND pg_catalog.pg_table_is_visible(pg_catalog.pg_class.oid) AND pg_catalog.pg_namespace.nspname != %(nspname_1)s
2025-12-13 03:16:38,345 INFO sqlalchemy.engine.Engine [cached since 0.6665s ago] {'table_name': 'managers', 'param_1': 'r', 'param_2': 'p', 'param_3': 'f', 'param_4': 'v', 'param_5': 'm', 'nspname_1': 'pg_catalog'}
2025-12-13 03:16:38,565 INFO sqlalchemy.engine.Engine SELECT pg_catalog.pg_class.relname 
FROM pg_catalog.pg_class JOIN pg_catalog.pg_namespace ON pg_catalog.pg_namespace.oid = pg_catalog.pg_class.relnamespace 
WHERE pg_catalog.pg_class.relname = %(table_name)s AND pg_catalog.pg_class.relkind = ANY (ARRAY[%(param_1)s, %(param_2)s, %(param_3)s, %(param_4)s, %(param_5)s]) AND pg_catalog.pg_table_is_visible(pg_catalog.pg_class.oid) AND pg_catalog.pg_namespace.nspname != %(nspname_1)s
2025-12-13 03:16:38,565 INFO sqlalchemy.engine.Engine [cached since 0.8869s ago] {'table_name': 'leave_types', 'param_1': 'r', 'param_2': 'p', 'param_3': 'f', 'param_4': 'v', 'param_5': 'm', 'nspname_1': 'pg_catalog'}
2025-12-13 03:16:38,787 INFO sqlalchemy.engine.Engine SELECT pg_catalog.pg_class.relname 
FROM pg_catalog.pg_class JOIN pg_catalog.pg_namespace ON pg_catalog.pg_namespace.oid = pg_catalog.pg_class.relnamespace 
WHERE pg_catalog.pg_class.relname = %(table_name)s AND pg_catalog.pg_class.relkind = ANY (ARRAY[%(param_1)s, %(param_2)s, %(param_3)s, %(param_4)s, %(param_5)s]) AND pg_catalog.pg_table_is_visible(pg_catalog.pg_class.oid) AND pg_catalog.pg_namespace.nspname != %(nspname_1)s
2025-12-13 03:16:38,787 INFO sqlalchemy.engine.Engine [cached since 1.109s ago] {'table_name': 'leaves', 'param_1': 'r', 'param_2': 'p', 'param_3': 'f', 'param_4': 'v', 'param_5': 'm', 'nspname_1': 'pg_catalog'}
2025-12-13 03:16:39,041 INFO sqlalchemy.engine.Engine SELECT pg_catalog.pg_class.relname 
FROM pg_catalog.pg_class JOIN pg_catalog.pg_namespace ON pg_catalog.pg_namespace.oid = pg_catalog.pg_class.relnamespace 
WHERE pg_catalog.pg_class.relname = %(table_name)s AND pg_catalog.pg_class.relkind = ANY (ARRAY[%(param_1)s, %(param_2)s, %(param_3)s, %(param_4)s, %(param_5)s]) AND pg_catalog.pg_table_is_visible(pg_catalog.pg_class.oid) AND pg_catalog.pg_namespace.nspname != %(nspname_1)s
2025-12-13 03:16:39,041 INFO sqlalchemy.engine.Engine [cached since 1.363s ago] {'table_name': 'approvals', 'param_1': 'r', 'param_2': 'p', 'param_3': 'f', 'param_4': 'v', 'param_5': 'm', 'nspname_1': 'pg_catalog'}
2025-12-13 03:16:39,348 INFO sqlalchemy.engine.Engine SELECT pg_catalog.pg_class.relname 
FROM pg_catalog.pg_class JOIN pg_catalog.pg_namespace ON pg_catalog.pg_namespace.oid = pg_catalog.pg_class.relnamespace 
WHERE pg_catalog.pg_class.relname = %(table_name)s AND pg_catalog.pg_class.relkind = ANY (ARRAY[%(param_1)s, %(param_2)s, %(param_3)s, %(param_4)s, %(param_5)s]) AND pg_catalog.pg_table_is_visible(pg_catalog.pg_class.oid) AND pg_catalog.pg_namespace.nspname != %(nspname_1)s
2025-12-13 03:16:39,348 INFO sqlalchemy.engine.Engine [cached since 1.67s ago] {'table_name': 'leave_balance', 'param_1': 'r', 'param_2': 'p', 'param_3': 'f', 'param_4': 'v', 'param_5': 'm', 'nspname_1': 'pg_catalog'}
2025-12-13 03:16:39,570 INFO sqlalchemy.engine.Engine SELECT pg_catalog.pg_class.relname 
FROM pg_catalog.pg_class JOIN pg_catalog.pg_namespace ON pg_catalog.pg_namespace.oid = pg_catalog.pg_class.relnamespace 
WHERE pg_catalog.pg_class.relname = %(table_name)s AND pg_catalog.pg_class.relkind = ANY (ARRAY[%(param_1)s, %(param_2)s, %(param_3)s, %(param_4)s, %(param_5)s]) AND pg_catalog.pg_table_is_visible(pg_catalog.pg_class.oid) AND pg_catalog.pg_namespace.nspname != %(nspname_1)s
2025-12-13 03:16:39,570 INFO sqlalchemy.engine.Engine [cached since 1.892s ago] {'table_name': 'audit_logs', 'param_1': 'r', 'param_2': 'p', 'param_3': 'f', 'param_4': 'v', 'param_5': 'm', 'nspname_1': 'pg_catalog'}
2025-12-13 03:16:39,861 INFO sqlalchemy.engine.Engine COMMIT
INFO:     Application startup complete.
WARNING:  WatchFiles detected changes in 'seed_data.py'. Reloading...
INFO:     Shutting down
INFO:     Waiting for application shutdown.
INFO:     Application shutdown complete.
INFO:     Finished server process [118835]
INFO:     Started server process [119233]
INFO:     Waiting for application startup.
Allowed CORS origins: ['http://localhost:3000', 'http://localhost:3001', 'http://127.0.0.1:3000', 'http://127.0.0.1:3001', 'http://localhost:3000', 'http://localhost:3001', 'https://leave-management-vanshiki.vercel.app']
Initializing database...
2025-12-13 03:17:09,729 INFO sqlalchemy.engine.Engine select pg_catalog.version()
2025-12-13 03:17:09,729 INFO sqlalchemy.engine.Engine [raw sql] {}
2025-12-13 03:17:10,219 INFO sqlalchemy.engine.Engine select current_schema()
2025-12-13 03:17:10,219 INFO sqlalchemy.engine.Engine [raw sql] {}
2025-12-13 03:17:10,786 INFO sqlalchemy.engine.Engine show standard_conforming_strings
2025-12-13 03:17:10,786 INFO sqlalchemy.engine.Engine [raw sql] {}
2025-12-13 03:17:11,400 INFO sqlalchemy.engine.Engine BEGIN (implicit)
2025-12-13 03:17:11,405 INFO sqlalchemy.engine.Engine SELECT pg_catalog.pg_class.relname 
FROM pg_catalog.pg_class JOIN pg_catalog.pg_namespace ON pg_catalog.pg_namespace.oid = pg_catalog.pg_class.relnamespace 
WHERE pg_catalog.pg_class.relname = %(table_name)s AND pg_catalog.pg_class.relkind = ANY (ARRAY[%(param_1)s, %(param_2)s, %(param_3)s, %(param_4)s, %(param_5)s]) AND pg_catalog.pg_table_is_visible(pg_catalog.pg_class.oid) AND pg_catalog.pg_namespace.nspname != %(nspname_1)s
2025-12-13 03:17:11,405 INFO sqlalchemy.engine.Engine [generated in 0.00030s] {'table_name': 'admins', 'param_1': 'r', 'param_2': 'p', 'param_3': 'f', 'param_4': 'v', 'param_5': 'm', 'nspname_1': 'pg_catalog'}
2025-12-13 03:17:12,015 INFO sqlalchemy.engine.Engine SELECT pg_catalog.pg_class.relname 
FROM pg_catalog.pg_class JOIN pg_catalog.pg_namespace ON pg_catalog.pg_namespace.oid = pg_catalog.pg_class.relnamespace 
WHERE pg_catalog.pg_class.relname = %(table_name)s AND pg_catalog.pg_class.relkind = ANY (ARRAY[%(param_1)s, %(param_2)s, %(param_3)s, %(param_4)s, %(param_5)s]) AND pg_catalog.pg_table_is_visible(pg_catalog.pg_class.oid) AND pg_catalog.pg_namespace.nspname != %(nspname_1)s
2025-12-13 03:17:12,015 INFO sqlalchemy.engine.Engine [cached since 0.6104s ago] {'table_name': 'employees', 'param_1': 'r', 'param_2': 'p', 'param_3': 'f', 'param_4': 'v', 'param_5': 'm', 'nspname_1': 'pg_catalog'}
2025-12-13 03:17:12,321 INFO sqlalchemy.engine.Engine SELECT pg_catalog.pg_class.relname 
FROM pg_catalog.pg_class JOIN pg_catalog.pg_namespace ON pg_catalog.pg_namespace.oid = pg_catalog.pg_class.relnamespace 
WHERE pg_catalog.pg_class.relname = %(table_name)s AND pg_catalog.pg_class.relkind = ANY (ARRAY[%(param_1)s, %(param_2)s, %(param_3)s, %(param_4)s, %(param_5)s]) AND pg_catalog.pg_table_is_visible(pg_catalog.pg_class.oid) AND pg_catalog.pg_namespace.nspname != %(nspname_1)s
2025-12-13 03:17:12,321 INFO sqlalchemy.engine.Engine [cached since 0.9169s ago] {'table_name': 'managers', 'param_1': 'r', 'param_2': 'p', 'param_3': 'f', 'param_4': 'v', 'param_5': 'm', 'nspname_1': 'pg_catalog'}
2025-12-13 03:17:12,629 INFO sqlalchemy.engine.Engine SELECT pg_catalog.pg_class.relname 
FROM pg_catalog.pg_class JOIN pg_catalog.pg_namespace ON pg_catalog.pg_namespace.oid = pg_catalog.pg_class.relnamespace 
WHERE pg_catalog.pg_class.relname = %(table_name)s AND pg_catalog.pg_class.relkind = ANY (ARRAY[%(param_1)s, %(param_2)s, %(param_3)s, %(param_4)s, %(param_5)s]) AND pg_catalog.pg_table_is_visible(pg_catalog.pg_class.oid) AND pg_catalog.pg_namespace.nspname != %(nspname_1)s
2025-12-13 03:17:12,629 INFO sqlalchemy.engine.Engine [cached since 1.225s ago] {'table_name': 'leave_types', 'param_1': 'r', 'param_2': 'p', 'param_3': 'f', 'param_4': 'v', 'param_5': 'm', 'nspname_1': 'pg_catalog'}
2025-12-13 03:17:12,936 INFO sqlalchemy.engine.Engine SELECT pg_catalog.pg_class.relname 
FROM pg_catalog.pg_class JOIN pg_catalog.pg_namespace ON pg_catalog.pg_namespace.oid = pg_catalog.pg_class.relnamespace 
WHERE pg_catalog.pg_class.relname = %(table_name)s AND pg_catalog.pg_class.relkind = ANY (ARRAY[%(param_1)s, %(param_2)s, %(param_3)s, %(param_4)s, %(param_5)s]) AND pg_catalog.pg_table_is_visible(pg_catalog.pg_class.oid) AND pg_catalog.pg_namespace.nspname != %(nspname_1)s
2025-12-13 03:17:12,936 INFO sqlalchemy.engine.Engine [cached since 1.531s ago] {'table_name': 'leaves', 'param_1': 'r', 'param_2': 'p', 'param_3': 'f', 'param_4': 'v', 'param_5': 'm', 'nspname_1': 'pg_catalog'}
2025-12-13 03:17:13,243 INFO sqlalchemy.engine.Engine SELECT pg_catalog.pg_class.relname 
FROM pg_catalog.pg_class JOIN pg_catalog.pg_namespace ON pg_catalog.pg_namespace.oid = pg_catalog.pg_class.relnamespace 
WHERE pg_catalog.pg_class.relname = %(table_name)s AND pg_catalog.pg_class.relkind = ANY (ARRAY[%(param_1)s, %(param_2)s, %(param_3)s, %(param_4)s, %(param_5)s]) AND pg_catalog.pg_table_is_visible(pg_catalog.pg_class.oid) AND pg_catalog.pg_namespace.nspname != %(nspname_1)s
2025-12-13 03:17:13,244 INFO sqlalchemy.engine.Engine [cached since 1.839s ago] {'table_name': 'approvals', 'param_1': 'r', 'param_2': 'p', 'param_3': 'f', 'param_4': 'v', 'param_5': 'm', 'nspname_1': 'pg_catalog'}
2025-12-13 03:17:13,551 INFO sqlalchemy.engine.Engine SELECT pg_catalog.pg_class.relname 
FROM pg_catalog.pg_class JOIN pg_catalog.pg_namespace ON pg_catalog.pg_namespace.oid = pg_catalog.pg_class.relnamespace 
WHERE pg_catalog.pg_class.relname = %(table_name)s AND pg_catalog.pg_class.relkind = ANY (ARRAY[%(param_1)s, %(param_2)s, %(param_3)s, %(param_4)s, %(param_5)s]) AND pg_catalog.pg_table_is_visible(pg_catalog.pg_class.oid) AND pg_catalog.pg_namespace.nspname != %(nspname_1)s
2025-12-13 03:17:13,551 INFO sqlalchemy.engine.Engine [cached since 2.147s ago] {'table_name': 'leave_balance', 'param_1': 'r', 'param_2': 'p', 'param_3': 'f', 'param_4': 'v', 'param_5': 'm', 'nspname_1': 'pg_catalog'}
2025-12-13 03:17:13,858 INFO sqlalchemy.engine.Engine SELECT pg_catalog.pg_class.relname 
FROM pg_catalog.pg_class JOIN pg_catalog.pg_namespace ON pg_catalog.pg_namespace.oid = pg_catalog.pg_class.relnamespace 
WHERE pg_catalog.pg_class.relname = %(table_name)s AND pg_catalog.pg_class.relkind = ANY (ARRAY[%(param_1)s, %(param_2)s, %(param_3)s, %(param_4)s, %(param_5)s]) AND pg_catalog.pg_table_is_visible(pg_catalog.pg_class.oid) AND pg_catalog.pg_namespace.nspname != %(nspname_1)s
2025-12-13 03:17:13,858 INFO sqlalchemy.engine.Engine [cached since 2.454s ago] {'table_name': 'audit_logs', 'param_1': 'r', 'param_2': 'p', 'param_3': 'f', 'param_4': 'v', 'param_5': 'm', 'nspname_1': 'pg_catalog'}
2025-12-13 03:17:14,165 INFO sqlalchemy.engine.Engine COMMIT
INFO:     Application startup complete.
WARNING:  WatchFiles detected changes in 'seed_data.py'. Reloading...
INFO:     Shutting down
INFO:     Waiting for application shutdown.
INFO:     Application shutdown complete.
INFO:     Finished server process [119233]
INFO:     Started server process [119950]
INFO:     Waiting for application startup.
Allowed CORS origins: ['http://localhost:3000', 'http://localhost:3001', 'http://127.0.0.1:3000', 'http://127.0.0.1:3001', 'http://localhost:3000', 'http://localhost:3001', 'https://leave-management-vanshiki.vercel.app']
Initializing database...
2025-12-13 03:20:00,179 INFO sqlalchemy.engine.Engine select pg_catalog.version()
2025-12-13 03:20:00,180 INFO sqlalchemy.engine.Engine [raw sql] {}
2025-12-13 03:20:00,672 INFO sqlalchemy.engine.Engine select current_schema()
2025-12-13 03:20:00,672 INFO sqlalchemy.engine.Engine [raw sql] {}
2025-12-13 03:20:01,285 INFO sqlalchemy.engine.Engine show standard_conforming_strings
2025-12-13 03:20:01,286 INFO sqlalchemy.engine.Engine [raw sql] {}
2025-12-13 03:20:01,900 INFO sqlalchemy.engine.Engine BEGIN (implicit)
2025-12-13 03:20:01,907 INFO sqlalchemy.engine.Engine SELECT pg_catalog.pg_class.relname 
FROM pg_catalog.pg_class JOIN pg_catalog.pg_namespace ON pg_catalog.pg_namespace.oid = pg_catalog.pg_class.relnamespace 
WHERE pg_catalog.pg_class.relname = %(table_name)s AND pg_catalog.pg_class.relkind = ANY (ARRAY[%(param_1)s, %(param_2)s, %(param_3)s, %(param_4)s, %(param_5)s]) AND pg_catalog.pg_table_is_visible(pg_catalog.pg_class.oid) AND pg_catalog.pg_namespace.nspname != %(nspname_1)s
2025-12-13 03:20:01,908 INFO sqlalchemy.engine.Engine [generated in 0.00028s] {'table_name': 'admins', 'param_1': 'r', 'param_2': 'p', 'param_3': 'f', 'param_4': 'v', 'param_5': 'm', 'nspname_1': 'pg_catalog'}
2025-12-13 03:20:02,515 INFO sqlalchemy.engine.Engine SELECT pg_catalog.pg_class.relname 
FROM pg_catalog.pg_class JOIN pg_catalog.pg_namespace ON pg_catalog.pg_namespace.oid = pg_catalog.pg_class.relnamespace 
WHERE pg_catalog.pg_class.relname = %(table_name)s AND pg_catalog.pg_class.relkind = ANY (ARRAY[%(param_1)s, %(param_2)s, %(param_3)s, %(param_4)s, %(param_5)s]) AND pg_catalog.pg_table_is_visible(pg_catalog.pg_class.oid) AND pg_catalog.pg_namespace.nspname != %(nspname_1)s
2025-12-13 03:20:02,515 INFO sqlalchemy.engine.Engine [cached since 0.6079s ago] {'table_name': 'employees', 'param_1': 'r', 'param_2': 'p', 'param_3': 'f', 'param_4': 'v', 'param_5': 'm', 'nspname_1': 'pg_catalog'}
2025-12-13 03:20:02,741 INFO sqlalchemy.engine.Engine SELECT pg_catalog.pg_class.relname 
FROM pg_catalog.pg_class JOIN pg_catalog.pg_namespace ON pg_catalog.pg_namespace.oid = pg_catalog.pg_class.relnamespace 
WHERE pg_catalog.pg_class.relname = %(table_name)s AND pg_catalog.pg_class.relkind = ANY (ARRAY[%(param_1)s, %(param_2)s, %(param_3)s, %(param_4)s, %(param_5)s]) AND pg_catalog.pg_table_is_visible(pg_catalog.pg_class.oid) AND pg_catalog.pg_namespace.nspname != %(nspname_1)s
2025-12-13 03:20:02,741 INFO sqlalchemy.engine.Engine [cached since 0.8337s ago] {'table_name': 'managers', 'param_1': 'r', 'param_2': 'p', 'param_3': 'f', 'param_4': 'v', 'param_5': 'm', 'nspname_1': 'pg_catalog'}
2025-12-13 03:20:03,026 INFO sqlalchemy.engine.Engine SELECT pg_catalog.pg_class.relname 
FROM pg_catalog.pg_class JOIN pg_catalog.pg_namespace ON pg_catalog.pg_namespace.oid = pg_catalog.pg_class.relnamespace 
WHERE pg_catalog.pg_class.relname = %(table_name)s AND pg_catalog.pg_class.relkind = ANY (ARRAY[%(param_1)s, %(param_2)s, %(param_3)s, %(param_4)s, %(param_5)s]) AND pg_catalog.pg_table_is_visible(pg_catalog.pg_class.oid) AND pg_catalog.pg_namespace.nspname != %(nspname_1)s
2025-12-13 03:20:03,027 INFO sqlalchemy.engine.Engine [cached since 1.119s ago] {'table_name': 'leave_types', 'param_1': 'r', 'param_2': 'p', 'param_3': 'f', 'param_4': 'v', 'param_5': 'm', 'nspname_1': 'pg_catalog'}
2025-12-13 03:20:03,252 INFO sqlalchemy.engine.Engine SELECT pg_catalog.pg_class.relname 
FROM pg_catalog.pg_class JOIN pg_catalog.pg_namespace ON pg_catalog.pg_namespace.oid = pg_catalog.pg_class.relnamespace 
WHERE pg_catalog.pg_class.relname = %(table_name)s AND pg_catalog.pg_class.relkind = ANY (ARRAY[%(param_1)s, %(param_2)s, %(param_3)s, %(param_4)s, %(param_5)s]) AND pg_catalog.pg_table_is_visible(pg_catalog.pg_class.oid) AND pg_catalog.pg_namespace.nspname != %(nspname_1)s
2025-12-13 03:20:03,253 INFO sqlalchemy.engine.Engine [cached since 1.345s ago] {'table_name': 'leaves', 'param_1': 'r', 'param_2': 'p', 'param_3': 'f', 'param_4': 'v', 'param_5': 'm', 'nspname_1': 'pg_catalog'}
2025-12-13 03:20:03,477 INFO sqlalchemy.engine.Engine SELECT pg_catalog.pg_class.relname 
FROM pg_catalog.pg_class JOIN pg_catalog.pg_namespace ON pg_catalog.pg_namespace.oid = pg_catalog.pg_class.relnamespace 
WHERE pg_catalog.pg_class.relname = %(table_name)s AND pg_catalog.pg_class.relkind = ANY (ARRAY[%(param_1)s, %(param_2)s, %(param_3)s, %(param_4)s, %(param_5)s]) AND pg_catalog.pg_table_is_visible(pg_catalog.pg_class.oid) AND pg_catalog.pg_namespace.nspname != %(nspname_1)s
2025-12-13 03:20:03,478 INFO sqlalchemy.engine.Engine [cached since 1.57s ago] {'table_name': 'approvals', 'param_1': 'r', 'param_2': 'p', 'param_3': 'f', 'param_4': 'v', 'param_5': 'm', 'nspname_1': 'pg_catalog'}
2025-12-13 03:20:03,702 INFO sqlalchemy.engine.Engine SELECT pg_catalog.pg_class.relname 
FROM pg_catalog.pg_class JOIN pg_catalog.pg_namespace ON pg_catalog.pg_namespace.oid = pg_catalog.pg_class.relnamespace 
WHERE pg_catalog.pg_class.relname = %(table_name)s AND pg_catalog.pg_class.relkind = ANY (ARRAY[%(param_1)s, %(param_2)s, %(param_3)s, %(param_4)s, %(param_5)s]) AND pg_catalog.pg_table_is_visible(pg_catalog.pg_class.oid) AND pg_catalog.pg_namespace.nspname != %(nspname_1)s
2025-12-13 03:20:03,703 INFO sqlalchemy.engine.Engine [cached since 1.795s ago] {'table_name': 'leave_balance', 'param_1': 'r', 'param_2': 'p', 'param_3': 'f', 'param_4': 'v', 'param_5': 'm', 'nspname_1': 'pg_catalog'}
2025-12-13 03:20:03,928 INFO sqlalchemy.engine.Engine SELECT pg_catalog.pg_class.relname 
FROM pg_catalog.pg_class JOIN pg_catalog.pg_namespace ON pg_catalog.pg_namespace.oid = pg_catalog.pg_class.relnamespace 
WHERE pg_catalog.pg_class.relname = %(table_name)s AND pg_catalog.pg_class.relkind = ANY (ARRAY[%(param_1)s, %(param_2)s, %(param_3)s, %(param_4)s, %(param_5)s]) AND pg_catalog.pg_table_is_visible(pg_catalog.pg_class.oid) AND pg_catalog.pg_namespace.nspname != %(nspname_1)s
2025-12-13 03:20:03,928 INFO sqlalchemy.engine.Engine [cached since 2.02s ago] {'table_name': 'audit_logs', 'param_1': 'r', 'param_2': 'p', 'param_3': 'f', 'param_4': 'v', 'param_5': 'm', 'nspname_1': 'pg_catalog'}
2025-12-13 03:20:04,153 INFO sqlalchemy.engine.Engine COMMIT
INFO:     Application startup complete.
WARNING:  WatchFiles detected changes in 'seed_data.py'. Reloading...
INFO:     Shutting down
INFO:     Waiting for application shutdown.
INFO:     Application shutdown complete.
INFO:     Finished server process [119950]
INFO:     Started server process [121672]
INFO:     Waiting for application startup.
Allowed CORS origins: ['http://localhost:3000', 'http://localhost:3001', 'http://127.0.0.1:3000', 'http://127.0.0.1:3001', 'http://localhost:3000', 'http://localhost:3001', 'https://leave-management-vanshiki.vercel.app']
Initializing database...
2025-12-13 03:24:33,573 INFO sqlalchemy.engine.Engine select pg_catalog.version()
2025-12-13 03:24:33,573 INFO sqlalchemy.engine.Engine [raw sql] {}
2025-12-13 03:24:34,157 INFO sqlalchemy.engine.Engine select current_schema()
2025-12-13 03:24:34,157 INFO sqlalchemy.engine.Engine [raw sql] {}
2025-12-13 03:24:34,801 INFO sqlalchemy.engine.Engine show standard_conforming_strings
2025-12-13 03:24:34,801 INFO sqlalchemy.engine.Engine [raw sql] {}
2025-12-13 03:24:35,416 INFO sqlalchemy.engine.Engine BEGIN (implicit)
2025-12-13 03:24:35,423 INFO sqlalchemy.engine.Engine SELECT pg_catalog.pg_class.relname 
FROM pg_catalog.pg_class JOIN pg_catalog.pg_namespace ON pg_catalog.pg_namespace.oid = pg_catalog.pg_class.relnamespace 
WHERE pg_catalog.pg_class.relname = %(table_name)s AND pg_catalog.pg_class.relkind = ANY (ARRAY[%(param_1)s, %(param_2)s, %(param_3)s, %(param_4)s, %(param_5)s]) AND pg_catalog.pg_table_is_visible(pg_catalog.pg_class.oid) AND pg_catalog.pg_namespace.nspname != %(nspname_1)s
2025-12-13 03:24:35,423 INFO sqlalchemy.engine.Engine [generated in 0.00034s] {'table_name': 'admins', 'param_1': 'r', 'param_2': 'p', 'param_3': 'f', 'param_4': 'v', 'param_5': 'm', 'nspname_1': 'pg_catalog'}
2025-12-13 03:24:36,030 INFO sqlalchemy.engine.Engine SELECT pg_catalog.pg_class.relname 
FROM pg_catalog.pg_class JOIN pg_catalog.pg_namespace ON pg_catalog.pg_namespace.oid = pg_catalog.pg_class.relnamespace 
WHERE pg_catalog.pg_class.relname = %(table_name)s AND pg_catalog.pg_class.relkind = ANY (ARRAY[%(param_1)s, %(param_2)s, %(param_3)s, %(param_4)s, %(param_5)s]) AND pg_catalog.pg_table_is_visible(pg_catalog.pg_class.oid) AND pg_catalog.pg_namespace.nspname != %(nspname_1)s
2025-12-13 03:24:36,030 INFO sqlalchemy.engine.Engine [cached since 0.6078s ago] {'table_name': 'employees', 'param_1': 'r', 'param_2': 'p', 'param_3': 'f', 'param_4': 'v', 'param_5': 'm', 'nspname_1': 'pg_catalog'}
2025-12-13 03:24:36,337 INFO sqlalchemy.engine.Engine SELECT pg_catalog.pg_class.relname 
FROM pg_catalog.pg_class JOIN pg_catalog.pg_namespace ON pg_catalog.pg_namespace.oid = pg_catalog.pg_class.relnamespace 
WHERE pg_catalog.pg_class.relname = %(table_name)s AND pg_catalog.pg_class.relkind = ANY (ARRAY[%(param_1)s, %(param_2)s, %(param_3)s, %(param_4)s, %(param_5)s]) AND pg_catalog.pg_table_is_visible(pg_catalog.pg_class.oid) AND pg_catalog.pg_namespace.nspname != %(nspname_1)s
2025-12-13 03:24:36,337 INFO sqlalchemy.engine.Engine [cached since 0.9151s ago] {'table_name': 'managers', 'param_1': 'r', 'param_2': 'p', 'param_3': 'f', 'param_4': 'v', 'param_5': 'm', 'nspname_1': 'pg_catalog'}
2025-12-13 03:24:36,644 INFO sqlalchemy.engine.Engine SELECT pg_catalog.pg_class.relname 
FROM pg_catalog.pg_class JOIN pg_catalog.pg_namespace ON pg_catalog.pg_namespace.oid = pg_catalog.pg_class.relnamespace 
WHERE pg_catalog.pg_class.relname = %(table_name)s AND pg_catalog.pg_class.relkind = ANY (ARRAY[%(param_1)s, %(param_2)s, %(param_3)s, %(param_4)s, %(param_5)s]) AND pg_catalog.pg_table_is_visible(pg_catalog.pg_class.oid) AND pg_catalog.pg_namespace.nspname != %(nspname_1)s
2025-12-13 03:24:36,645 INFO sqlalchemy.engine.Engine [cached since 1.222s ago] {'table_name': 'leave_types', 'param_1': 'r', 'param_2': 'p', 'param_3': 'f', 'param_4': 'v', 'param_5': 'm', 'nspname_1': 'pg_catalog'}
2025-12-13 03:24:36,951 INFO sqlalchemy.engine.Engine SELECT pg_catalog.pg_class.relname 
FROM pg_catalog.pg_class JOIN pg_catalog.pg_namespace ON pg_catalog.pg_namespace.oid = pg_catalog.pg_class.relnamespace 
WHERE pg_catalog.pg_class.relname = %(table_name)s AND pg_catalog.pg_class.relkind = ANY (ARRAY[%(param_1)s, %(param_2)s, %(param_3)s, %(param_4)s, %(param_5)s]) AND pg_catalog.pg_table_is_visible(pg_catalog.pg_class.oid) AND pg_catalog.pg_namespace.nspname != %(nspname_1)s
2025-12-13 03:24:36,952 INFO sqlalchemy.engine.Engine [cached since 1.529s ago] {'table_name': 'leaves', 'param_1': 'r', 'param_2': 'p', 'param_3': 'f', 'param_4': 'v', 'param_5': 'm', 'nspname_1': 'pg_catalog'}
2025-12-13 03:24:37,204 INFO sqlalchemy.engine.Engine SELECT pg_catalog.pg_class.relname 
FROM pg_catalog.pg_class JOIN pg_catalog.pg_namespace ON pg_catalog.pg_namespace.oid = pg_catalog.pg_class.relnamespace 
WHERE pg_catalog.pg_class.relname = %(table_name)s AND pg_catalog.pg_class.relkind = ANY (ARRAY[%(param_1)s, %(param_2)s, %(param_3)s, %(param_4)s, %(param_5)s]) AND pg_catalog.pg_table_is_visible(pg_catalog.pg_class.oid) AND pg_catalog.pg_namespace.nspname != %(nspname_1)s
2025-12-13 03:24:37,204 INFO sqlalchemy.engine.Engine [cached since 1.781s ago] {'table_name': 'approvals', 'param_1': 'r', 'param_2': 'p', 'param_3': 'f', 'param_4': 'v', 'param_5': 'm', 'nspname_1': 'pg_catalog'}
2025-12-13 03:24:37,464 INFO sqlalchemy.engine.Engine SELECT pg_catalog.pg_class.relname 
FROM pg_catalog.pg_class JOIN pg_catalog.pg_namespace ON pg_catalog.pg_namespace.oid = pg_catalog.pg_class.relnamespace 
WHERE pg_catalog.pg_class.relname = %(table_name)s AND pg_catalog.pg_class.relkind = ANY (ARRAY[%(param_1)s, %(param_2)s, %(param_3)s, %(param_4)s, %(param_5)s]) AND pg_catalog.pg_table_is_visible(pg_catalog.pg_class.oid) AND pg_catalog.pg_namespace.nspname != %(nspname_1)s
2025-12-13 03:24:37,465 INFO sqlalchemy.engine.Engine [cached since 2.042s ago] {'table_name': 'leave_balance', 'param_1': 'r', 'param_2': 'p', 'param_3': 'f', 'param_4': 'v', 'param_5': 'm', 'nspname_1': 'pg_catalog'}
2025-12-13 03:24:37,728 INFO sqlalchemy.engine.Engine SELECT pg_catalog.pg_class.relname 
FROM pg_catalog.pg_class JOIN pg_catalog.pg_namespace ON pg_catalog.pg_namespace.oid = pg_catalog.pg_class.relnamespace 
WHERE pg_catalog.pg_class.relname = %(table_name)s AND pg_catalog.pg_class.relkind = ANY (ARRAY[%(param_1)s, %(param_2)s, %(param_3)s, %(param_4)s, %(param_5)s]) AND pg_catalog.pg_table_is_visible(pg_catalog.pg_class.oid) AND pg_catalog.pg_namespace.nspname != %(nspname_1)s
2025-12-13 03:24:37,728 INFO sqlalchemy.engine.Engine [cached since 2.306s ago] {'table_name': 'audit_logs', 'param_1': 'r', 'param_2': 'p', 'param_3': 'f', 'param_4': 'v', 'param_5': 'm', 'nspname_1': 'pg_catalog'}
2025-12-13 03:24:37,976 INFO sqlalchemy.engine.Engine COMMIT
INFO:     Application startup complete.
